Arguments: 
  C:\Program Files\nodejs\node.exe C:\Program Files (x86)\Yarn\bin\yarn.js add @react-native-community/async-storage

PATH: 
  C:\Program Files (x86)\Python36-32\Scripts\;C:\Program Files (x86)\Python36-32\;C:\WINDOWS\Intellution;C:\Program Files\Java\jdk1.8.0_131\bin;C:\ProgramData\Oracle\Java\javapath;C:\oraclexe\app\oracle\product\11.2.0\server\bin;C:\WINDOWS\system32;C:\WINDOWS;C:\WINDOWS\System32\Wbem;C:\WINDOWS\System32\WindowsPowerShell\v1.0\;C:\Users\Vule\.dnx\bin;C:\Program Files\Microsoft DNX\Dnvm\;C:\Program Files (x86)\Windows Kits\8.1\Windows Performance Toolkit\;C:\Program Files\Microsoft SQL Server\130\Tools\Binn\;C:\TDM-GCC-64\bin;C:\Program Files (x86)\GE Fanuc\Proficy iFIX;C:\Program Files\Microsoft SQL Server\Client SDK\ODBC\130\Tools\Binn\;C:\Program Files (x86)\Microsoft SQL Server\140\Tools\Binn\;C:\Program Files\Microsoft SQL Server\140\Tools\Binn\;C:\Program Files\Microsoft SQL Server\140\DTS\Binn\;C:\Program Files\Microsoft SQL Server\Client SDK\ODBC\110\Tools\Binn\;C:\Program Files (x86)\Microsoft SQL Server\120\Tools\Binn\;C:\Program Files\Microsoft SQL Server\120\Tools\Binn\;C:\Program Files\Microsoft SQL Server\120\DTS\Binn\;C:\Program Files\MySQL\MySQL Utilities 1.6\;C:\Program Files\nodejs\;C:\WINDOWS\System32\OpenSSH\;C:\Program Files\Git\cmd;C:\Program Files\Microsoft VS Code\bin;C:\Go\bin;C:\Program Files (x86)\Yarn\bin\;C:\Users\Vule\AppData\Local\Microsoft\WindowsApps;C:\Users\Vule\AppData\Local\atom\bin;C:\Users\Vule\AppData\Local\Microsoft\WindowsApps;C:\Users\Vule\AppData\Roaming\npm;C:\Program Files\Heroku\bin;C:\Program Files\Microsoft VS Code\bin;C:\Users\Vule\go\bin;C:\Users\Vule\AppData\Local\Yarn\bin

Yarn version: 
  1.16.0

Node version: 
  8.11.2

Platform: 
  win32 x64

Trace: 
  Error: EPERM: operation not permitted, unlink 'E:\FTN Hackathon 2.0\MobileApp\GreeNS\node_modules\@react-native-community\cli\node_modules\node-fetch\lib'

npm manifest: 
  {
    "main": "node_modules/expo/AppEntry.js",
    "scripts": {
      "start": "expo start",
      "android": "expo start --android",
      "ios": "expo start --ios",
      "web": "expo start --web",
      "eject": "expo eject"
    },
    "dependencies": {
      "expo": "^33.0.0",
      "expo-barcode-scanner": "^5.0.1",
      "react": "16.8.3",
      "react-dom": "^16.8.6",
      "react-native": "https://github.com/expo/react-native/archive/sdk-33.0.0.tar.gz",
      "react-native-web": "^0.11.4",
      "react-navigation": "^2.13.0"
    },
    "devDependencies": {
      "babel-preset-expo": "^5.1.1"
    },
    "private": true
  }

yarn manifest: 
  No manifest

Lockfile: 
  No lockfile
